<?xml version="1.0" encoding="UTF-8"?>
<!-- Generated by org.testng.reporters.JUnitReportReporter -->
<testsuite hostname="SSSLT025" failures="0" tests="3" name="allPages.CheckPayments" time="38.087" errors="0" timestamp="2024-09-05T10:29:15 IST" skipped="0">
  <testcase classname="allPages.CheckPayments" name="CheckPaymentsClick" time="11.906"/>
  <testcase classname="allPages.CheckPayments" name="TC01" time="15.652"/>
  <testcase classname="allPages.CheckPayments" name="TC02" time="10.529"/>
</testsuite> <!-- allPages.CheckPayments -->
