<?xml version="1.0" encoding="UTF-8"?>
<!-- Generated by org.testng.reporters.JUnitReportReporter -->
<testsuite hostname="SSSLT025" failures="0" tests="6" name="allPages.CheckPayments" time="148.509" errors="0" timestamp="2024-08-09T10:16:49 IST" skipped="0">
  <testcase classname="allPages.CheckPayments" name="CheckPaymentsClick" time="20.335"/>
  <testcase classname="allPages.CheckPayments" name="TC01" time="20.545"/>
  <testcase classname="allPages.CheckPayments" name="TC02" time="21.209"/>
  <testcase classname="allPages.CheckPayments" name="TC03" time="28.500"/>
  <testcase classname="allPages.CheckPayments" name="TC04" time="24.009"/>
  <testcase classname="allPages.CheckPayments" name="TC05" time="33.911"/>
</testsuite> <!-- allPages.CheckPayments -->
