<?xml version="1.0" encoding="UTF-8"?>
<!-- Generated by org.testng.reporters.JUnitReportReporter -->
<testsuite hostname="SSSLT025" failures="0" tests="6" name="allPages.CheckPayments" time="117.905" errors="0" timestamp="2024-09-05T10:20:51 IST" skipped="0">
  <testcase classname="allPages.CheckPayments" name="CheckPaymentsClick" time="12.596"/>
  <testcase classname="allPages.CheckPayments" name="TC01" time="13.690"/>
  <testcase classname="allPages.CheckPayments" name="TC02" time="19.260"/>
  <testcase classname="allPages.CheckPayments" name="TC03" time="25.321"/>
  <testcase classname="allPages.CheckPayments" name="TC04" time="19.420"/>
  <testcase classname="allPages.CheckPayments" name="TC05" time="27.618"/>
</testsuite> <!-- allPages.CheckPayments -->
